<?xml version="1.0" encoding="UTF-8"?>
<testsuite xmlns:xsi="http://www.w3.org/2001/XMLSchema-instance" xsi:noNamespaceSchemaLocation="https://maven.apache.org/surefire/maven-surefire-plugin/xsd/surefire-test-report.xsd" name="fr.bpifrance.qua.qformation.domaine.test.RunFeaturesTest" time="8.412" tests="5" errors="0" skipped="0" failures="0">
  <properties>
[...]
</properties>
  <testcase name="Ajouter un sujet de formation" classname="Gérer les ressources de formations" time="3.824"/>
  <testcase name="Ajouter un sujet de formation existant" classname="Gérer les ressources de formations" time="0.033"/>
  <testcase name="Planifier une formation avec un code de formation inexistant" classname="Planifier une formation" time="0.037"/>
  <testcase name="Planifier une formation pour une salle non disponible" classname="Planifier une formation" time="0.013"/>
  <testcase name="Planifier une formation avec succès" classname="Planifier une formation" time="0.26"/>
</testsuite>