<?xml version="1.0" encoding="UTF-8"?>
<testsuite xmlns:xsi="http://www.w3.org/2001/XMLSchema-instance" xsi:noNamespaceSchemaLocation="https://maven.apache.org/surefire/maven-surefire-plugin/xsd/surefire-test-report.xsd" name="fr.bpifrance.qua.qformation.dao.test.ti.RunFeaturesTest" time="14.736" tests="3" errors="0" skipped="0" failures="0">
  <properties>
[...]
</properties>
  <testcase name="Planifier une formation avec un code de formation inexistant" classname="Planifier une formation" time="1.165"/>
  <testcase name="Planifier une formation pour une salle non disponible" classname="Planifier une formation" time="0.109"/>
  <testcase name="Planifier une formation avec succès" classname="Planifier une formation" time="0.156"/>
</testsuite>